<?xml version="1.0" encoding="UTF-8"?>
<!-- Generated by org.testng.reporters.JUnitXMLReporter -->
<testsuite ignored="1" hostname="DESKTOP-2RQI160" failures="0" tests="1" name="Default test" time="16.096" errors="0" timestamp="2022-08-03T13:35:58 IST">
  <testcase classname="com.testNGFrameWork.LogInTestCase" name="hrmlogin" time="15.992"/>
  <testcase classname="com.testNGFrameWork.EmpAddCode" name="empListPage" time="0.0">
    <ignored/>
  </testcase> <!-- empListPage -->
</testsuite> <!-- Default test -->
